c:\users\j. galamba\documents\cgj\cgjproject1\x64\debug\vc142.pdb
c:\users\j. galamba\documents\cgj\cgjproject1\x64\debug\vc142.idb
c:\users\j. galamba\documents\cgj\cgjproject1\x64\debug\vector.obj
c:\users\j. galamba\documents\cgj\cgjproject1\x64\debug\matrix.obj
c:\users\j. galamba\documents\cgj\cgjproject1\x64\debug\main.obj
c:\users\j. galamba\documents\cgj\x64\debug\vc142.pdb
c:\users\j. galamba\documents\cgj\x64\debug\vc142.idb
c:\users\j. galamba\documents\cgj\x64\debug\vector.obj
c:\users\j. galamba\documents\cgj\x64\debug\matrix.obj
c:\users\j. galamba\documents\cgj\x64\debug\main.obj
c:\users\j. galamba\documents\cgj\x64\debug\camera.obj
c:\users\j. galamba\documents\cgj\cgjproject1\x64\debug\cgjproject1.exe
c:\users\j. galamba\documents\cgj\cgjproject1\x64\debug\cgjproject1.ilk
c:\users\j. galamba\documents\cgj\cgjproject1\x64\debug\cgjproject1.pdb
c:\users\j. galamba\documents\cgj\x64\debug\cgjproject1.ilk
c:\users\j. galamba\documents\cgj\x64\debug\cgjproject1.exe
c:\users\j. galamba\documents\cgj\x64\debug\cgjproject1.pdb
c:\users\j. galamba\documents\cgj\x64\debug\cgjproject1.tlog\cl.command.1.tlog
c:\users\j. galamba\documents\cgj\x64\debug\cgjproject1.tlog\cl.read.1.tlog
c:\users\j. galamba\documents\cgj\x64\debug\cgjproject1.tlog\cl.write.1.tlog
c:\users\j. galamba\documents\cgj\x64\debug\cgjproject1.tlog\link.command.1.tlog
c:\users\j. galamba\documents\cgj\x64\debug\cgjproject1.tlog\link.read.1.tlog
c:\users\j. galamba\documents\cgj\x64\debug\cgjproject1.tlog\link.write.1.tlog
